<?xml version="1.0" encoding="UTF-8"?>
<!-- Generated by org.testng.reporters.JUnitReportReporter -->
<testsuite hostname="R7206515" failures="0" tests="1" name="testng.mesachatsseph" time="8.617" errors="0" timestamp="2023-02-20T10:27:10 CET" skipped="0">
  <testcase classname="testng.mesachatsseph" name="achat" time="8.617"/>
  <system-out/>
</testsuite> <!-- testng.mesachatsseph -->
