<?xml version="1.0" encoding="UTF-8"?>
<!-- Generated by org.testng.reporters.JUnitReportReporter -->
<testsuite hostname="R7206515" failures="0" tests="1" name="testng.NewTest" time="1.252" errors="0" timestamp="2023-02-14T17:02:30 CET" skipped="0">
  <testcase classname="testng.NewTest" name="login" time="1.252"/>
  <system-out/>
</testsuite> <!-- testng.NewTest -->
